2025-06-20 16:45:30 [main] INFO  Log - Using Chrome driver
2025-06-20 16:45:31 [main] INFO  Log - Inserting url
2025-06-20 16:45:36 [main] INFO  Log - Quiting driver
2025-06-20 16:59:05 [main] INFO  Log - Using Chrome driver
2025-06-20 17:00:40 [main] INFO  Log - Using Chrome driver
2025-06-20 18:36:18 [main] INFO  Log - Using Chrome driver
2025-06-20 18:38:51 [main] INFO  Log - Using Chrome driver
2025-06-20 18:41:39 [main] INFO  Log - Using Chrome driver
2025-06-20 18:46:06 [main] INFO  Log - Using Chrome driver
2025-06-20 18:48:36 [main] INFO  Log - Using Chrome driver
2025-06-20 18:52:48 [main] INFO  Log - Using Chrome driver
2025-06-20 18:57:43 [main] INFO  Log - Using Chrome driver
2025-06-20 18:59:34 [main] INFO  Log - Inserting url
2025-06-20 18:59:38 [main] INFO  Log - I am in LogTestcase1
2025-06-20 18:59:54 [main] INFO  Log - closing the webpage
2025-06-20 19:00:23 [main] INFO  Log - Using Chrome driver
2025-06-20 19:00:25 [main] INFO  Log - Inserting url
2025-06-20 19:00:30 [main] INFO  Log - I am in LogTestcase1
2025-06-20 19:00:31 [main] INFO  Log - closing the webpage
2025-06-20 19:03:49 [main] INFO  Log - Using Chrome driver
2025-06-20 19:03:51 [main] INFO  Log - Inserting url
2025-06-20 19:03:53 [main] INFO  Log - I am in LogTestcase1
2025-06-20 19:03:56 [main] INFO  Log - closing the webpage
2025-06-20 20:24:12 [main] INFO  Log - Using Chrome driver
2025-06-21 18:12:10 [main] INFO  Log - Using Chrome driver
2025-06-21 18:12:19 [main] INFO  Log - Inserting url
2025-06-21 18:12:22 [main] INFO  Log - I am in LogTestcase1
2025-06-21 18:12:23 [main] INFO  Log - Page open
2025-06-21 18:12:23 [main] INFO  Log - closing the webpage
2025-06-21 18:28:35 [main] INFO  Log - Using Chrome driver
2025-06-21 18:28:37 [main] INFO  Log - Inserting url
2025-06-21 18:28:39 [main] INFO  Log - I am in LogTestcase1
2025-06-21 18:28:41 [main] INFO  Log - Page open
2025-06-21 18:28:41 [main] INFO  Log - closing the webpage
2025-06-21 18:36:27 [main] INFO  Log - Using Chrome driver
2025-06-21 18:36:30 [main] INFO  Log - Inserting url
2025-06-21 18:36:33 [main] INFO  Log - I am in LogTestcase1
2025-06-21 18:36:34 [main] INFO  Log - Page open
2025-06-21 18:36:34 [main] INFO  Log - closing the webpage
2025-06-21 18:44:00 [main] INFO  Log - Using Chrome driver
2025-06-21 18:44:03 [main] INFO  Log - Inserting url
2025-06-21 18:44:05 [main] INFO  Log - I am in LogTestcase1
2025-06-21 18:44:07 [main] INFO  Log - Page open
2025-06-21 18:44:07 [main] INFO  Log - closing the webpage
2025-06-21 19:23:07 [main] INFO  Log - Using Chrome driver
2025-06-21 19:23:11 [main] INFO  Log - Inserting url
2025-06-21 19:23:13 [main] INFO  Log - I am in excelloginpagecase
2025-06-21 19:23:14 [main] INFO  Log - Page open
2025-06-21 19:23:14 [main] INFO  Log - closing the webpage
2025-06-21 19:24:33 [main] INFO  Log - Using Chrome driver
2025-06-21 19:24:35 [main] INFO  Log - Inserting url
2025-06-21 19:24:37 [main] INFO  Log - I am in excelloginpagecase
2025-06-21 19:24:38 [main] INFO  Log - Page open
2025-06-21 19:24:38 [main] INFO  Log - closing the webpage
2025-06-21 19:25:14 [main] INFO  Log - Using Chrome driver
2025-06-21 19:25:16 [main] INFO  Log - Inserting url
2025-06-21 19:25:17 [main] INFO  Log - I am in excelloginpagecase
2025-06-21 19:25:19 [main] INFO  Log - Page open
2025-06-21 19:25:19 [main] INFO  Log - closing the webpage
2025-06-21 19:25:19 [main] INFO  Log - Using Chrome driver
2025-06-21 19:25:20 [main] INFO  Log - Inserting url
2025-06-21 19:25:23 [main] INFO  Log - I am in LogTestcase1
2025-06-21 19:25:24 [main] INFO  Log - Page open
2025-06-21 19:25:24 [main] INFO  Log - closing the webpage
2025-06-21 19:36:34 [main] INFO  Log - Using Chrome driver
2025-06-21 19:36:37 [main] INFO  Log - Inserting url
2025-06-21 19:36:40 [main] INFO  Log - I am in paramterloginpagecase
2025-06-21 19:36:41 [main] INFO  Log - Page open
2025-06-21 19:36:41 [main] INFO  Log - closing the webpage
2025-06-21 19:37:15 [main] INFO  Log - Using Chrome driver
2025-06-21 19:37:17 [main] INFO  Log - Inserting url
2025-06-21 19:37:20 [main] INFO  Log - I am in excelloginpagecase
2025-06-21 19:37:21 [main] INFO  Log - Page open
2025-06-21 19:37:21 [main] INFO  Log - closing the webpage
2025-06-21 19:37:22 [main] INFO  Log - Using Chrome driver
2025-06-21 19:37:23 [main] INFO  Log - Inserting url
2025-06-21 19:37:25 [main] INFO  Log - I am in LogTestcase1
2025-06-21 19:37:26 [main] INFO  Log - Page open
2025-06-21 19:37:26 [main] INFO  Log - closing the webpage
2025-06-21 19:37:27 [main] INFO  Log - Using Chrome driver
2025-06-21 19:37:28 [main] INFO  Log - Inserting url
2025-06-21 19:37:30 [main] INFO  Log - I am in paramterloginpagecase
2025-06-21 19:37:32 [main] INFO  Log - Page open
2025-06-21 19:37:32 [main] INFO  Log - closing the webpage
